{
  "RSpec": {
    "coverage": {
      "/Users/amychin-lai/Development/code/phase0/tic-tac-toe-rb/lib/tic_tac_toe.rb": [
        null,
        1,
        null,
        null,
        null,
        null,
        null,
        null,
        null,
        null,
        null,
        1,
        1,
        25,
        25,
        25,
        25,
        25,
        null,
        null,
        1,
        24,
        null,
        null,
        1,
        23,
        null,
        null,
        1,
        0,
        0,
        null,
        0,
        0,
        null,
        null,
        null,
        null,
        null,
        1,
        24,
        null,
        null,
        1,
        28,
        25,
        null,
        3,
        3,
        null,
        null,
        null,
        null,
        null,
        1,
        21,
        21,
        21,
        21,
        20,
        20,
        null,
        1,
        null,
        null,
        null,
        1,
        22,
        22,
        198,
        32,
        null,
        null,
        22,
        null,
        null,
        1,
        21,
        null,
        null,
        1,
        35,
        224,
        null,
        null,
        null,
        1,
        241,
        null,
        null,
        1,
        21,
        null,
        null,
        1,
        22,
        null,
        null,
        1,
        3,
        3,
        2,
        null,
        null,
        null,
        null,
        null,
        1,
        12,
        18,
        null,
        12,
        5,
        5,
        null,
        5,
        5,
        null,
        7,
        7,
        null,
        null
      ]
    },
    "timestamp": 1624545215
  }
}
